<?xml version="1.0" encoding="UTF-8"?>
<robot generator="Robot 3.1.2 (Python 3.7.3 on win32)" generated="20200415 19:25:41.595" rpa="false">
<suite id="s1" name="Suites">
<suite id="s1-s1" name="loginsuccesTest" source="C:\Users\saber\eclipse-workspace\RobotFrameworkTest1\Suites\loginsuccesTest.robot">
<test id="s1-s1-t1" name="MyFirstTest">
<kw name="Log" library="BuiltIn">
<doc>Logs the given message with the given level.</doc>
<arguments>
<arg>Hello World...</arg>
</arguments>
<msg timestamp="20200415 19:25:42.515" level="INFO">Hello World...</msg>
<status status="PASS" starttime="20200415 19:25:42.515" endtime="20200415 19:25:42.515"></status>
</kw>
<status status="PASS" starttime="20200415 19:25:42.515" endtime="20200415 19:25:42.515" critical="yes"></status>
</test>
<test id="s1-s1-t2" name="FisrtSelenuimTest">
<kw name="Open Browser" library="SeleniumLibrary">
<doc>Opens a new browser instance to the optional ``url``.</doc>
<arguments>
<arg>https://fr-fr.facebook.com/</arg>
<arg>chrome</arg>
</arguments>
<msg timestamp="20200415 19:25:42.515" level="INFO">Opening browser 'chrome' to base url 'https://fr-fr.facebook.com/'.</msg>
<status status="PASS" starttime="20200415 19:25:42.515" endtime="20200415 19:25:53.261"></status>
</kw>
<kw name="Set Browser Implicit Wait" library="SeleniumLibrary">
<doc>Sets the implicit wait value used by Selenium.</doc>
<arguments>
<arg>5</arg>
</arguments>
<status status="PASS" starttime="20200415 19:25:53.261" endtime="20200415 19:25:53.263"></status>
</kw>
<kw name="Input Text" library="SeleniumLibrary">
<doc>Types the given ``text`` into the text field identified by ``locator``.</doc>
<arguments>
<arg>id=email</arg>
<arg>saber.khemissi@jb3.fr</arg>
</arguments>
<msg timestamp="20200415 19:25:53.264" level="INFO">Typing text 'saber.khemissi@jb3.fr' into text field 'id=email'.</msg>
<status status="PASS" starttime="20200415 19:25:53.264" endtime="20200415 19:25:53.580"></status>
</kw>
<kw name="Input Text" library="SeleniumLibrary">
<doc>Types the given ``text`` into the text field identified by ``locator``.</doc>
<arguments>
<arg>id=pass</arg>
<arg>123456789</arg>
</arguments>
<msg timestamp="20200415 19:25:53.580" level="INFO">Typing text '123456789' into text field 'id=pass'.</msg>
<status status="PASS" starttime="20200415 19:25:53.580" endtime="20200415 19:25:53.780"></status>
</kw>
<kw name="Click Button" library="SeleniumLibrary">
<doc>Clicks the button identified by ``locator``.</doc>
<arguments>
<arg>id=u_0_b</arg>
</arguments>
<msg timestamp="20200415 19:25:53.781" level="INFO">Clicking button 'id=u_0_b'.</msg>
<status status="PASS" starttime="20200415 19:25:53.781" endtime="20200415 19:25:54.608"></status>
</kw>
<kw name="Title Should Be" library="SeleniumLibrary">
<doc>Verifies that the current page title equals ``title``.</doc>
<arguments>
<arg>Facebook - Connexion ou inscription</arg>
</arguments>
<msg timestamp="20200415 19:25:56.849" level="INFO">Page title is 'Facebook - Connexion ou inscription'.</msg>
<status status="PASS" starttime="20200415 19:25:54.608" endtime="20200415 19:25:56.849"></status>
</kw>
<status status="PASS" starttime="20200415 19:25:42.515" endtime="20200415 19:25:56.849" critical="yes"></status>
</test>
<status status="PASS" starttime="20200415 19:25:41.685" endtime="20200415 19:25:56.850"></status>
</suite>
<status status="PASS" starttime="20200415 19:25:41.600" endtime="20200415 19:25:56.852"></status>
</suite>
<statistics>
<total>
<stat pass="2" fail="0">Critical Tests</stat>
<stat pass="2" fail="0">All Tests</stat>
</total>
<tag>
</tag>
<suite>
<stat pass="2" fail="0" id="s1" name="Suites">Suites</stat>
<stat pass="2" fail="0" id="s1-s1" name="loginsuccesTest">Suites.loginsuccesTest</stat>
</suite>
</statistics>
<errors>
</errors>
</robot>
