<?xml version="1.0" encoding="UTF-8"?>
<robot generator="Robot 3.1.2 (Python 3.7.3 on win32)" generated="20200415 19:25:20.343" rpa="false">
<suite id="s1" name="Suites">
<suite id="s1-s1" name="GoogleTest" source="C:\Users\saber\eclipse-workspace\RobotFrameworkTest1\Suites\GoogleTest.robot">
<test id="s1-s1-t1" name="MyFirstTest">
<kw name="Log" library="BuiltIn">
<doc>Logs the given message with the given level.</doc>
<arguments>
<arg>Hello World...</arg>
</arguments>
<msg timestamp="20200415 19:25:20.666" level="INFO">Hello World...</msg>
<status status="PASS" starttime="20200415 19:25:20.666" endtime="20200415 19:25:20.666"></status>
</kw>
<status status="PASS" starttime="20200415 19:25:20.666" endtime="20200415 19:25:20.666" critical="yes"></status>
</test>
<test id="s1-s1-t2" name="FisrtSelenuimTest">
<kw name="Open Browser" library="SeleniumLibrary">
<doc>Opens a new browser instance to the optional ``url``.</doc>
<arguments>
<arg>https:google.com</arg>
<arg>chrome</arg>
</arguments>
<msg timestamp="20200415 19:25:20.666" level="INFO">Opening browser 'chrome' to base url 'https:google.com'.</msg>
<status status="PASS" starttime="20200415 19:25:20.666" endtime="20200415 19:25:31.170"></status>
</kw>
<kw name="Set Browser Implicit Wait" library="SeleniumLibrary">
<doc>Sets the implicit wait value used by Selenium.</doc>
<arguments>
<arg>5</arg>
</arguments>
<status status="PASS" starttime="20200415 19:25:31.170" endtime="20200415 19:25:31.172"></status>
</kw>
<kw name="Input Text" library="SeleniumLibrary">
<doc>Types the given ``text`` into the text field identified by ``locator``.</doc>
<arguments>
<arg>name=q</arg>
<arg>JB3-Technolgies</arg>
</arguments>
<msg timestamp="20200415 19:25:31.173" level="INFO">Typing text 'JB3-Technolgies' into text field 'name=q'.</msg>
<status status="PASS" starttime="20200415 19:25:31.172" endtime="20200415 19:25:31.523"></status>
</kw>
<kw name="Click Button" library="SeleniumLibrary">
<doc>Clicks the button identified by ``locator``.</doc>
<arguments>
<arg>name=btnK</arg>
</arguments>
<msg timestamp="20200415 19:25:31.523" level="INFO">Clicking button 'name=btnK'.</msg>
<status status="PASS" starttime="20200415 19:25:31.523" endtime="20200415 19:25:38.591"></status>
</kw>
<kw name="Close Browser" library="SeleniumLibrary">
<doc>Closes the current browser.</doc>
<status status="PASS" starttime="20200415 19:25:38.592" endtime="20200415 19:25:40.805"></status>
</kw>
<status status="PASS" starttime="20200415 19:25:20.666" endtime="20200415 19:25:40.805" critical="yes"></status>
</test>
<status status="PASS" starttime="20200415 19:25:20.381" endtime="20200415 19:25:40.807"></status>
</suite>
<status status="PASS" starttime="20200415 19:25:20.343" endtime="20200415 19:25:40.810"></status>
</suite>
<statistics>
<total>
<stat pass="2" fail="0">Critical Tests</stat>
<stat pass="2" fail="0">All Tests</stat>
</total>
<tag>
</tag>
<suite>
<stat pass="2" fail="0" id="s1" name="Suites">Suites</stat>
<stat pass="2" fail="0" id="s1-s1" name="GoogleTest">Suites.GoogleTest</stat>
</suite>
</statistics>
<errors>
</errors>
</robot>
