<?xml version="1.0" encoding="UTF-8"?>
<robot generator="Rebot 3.1.2 (Python 3.7.3 on win32)" generated="20200415 19:25:57.216" rpa="false">
<suite id="s1" name="Suites">
<suite id="s1-s1" name="GoogleTest" source="C:\Users\saber\eclipse-workspace\RobotFrameworkTest1\Suites\GoogleTest.robot">
<test id="s1-s1-t1" name="MyFirstTest">
<kw name="Log" library="BuiltIn">
<doc>Logs the given message with the given level.</doc>
<arguments>
<arg>Hello World...</arg>
</arguments>
<msg timestamp="20200415 19:25:20.666" level="INFO">Hello World...</msg>
<status status="PASS" starttime="20200415 19:25:20.666" endtime="20200415 19:25:20.666"></status>
</kw>
<status status="PASS" starttime="20200415 19:25:20.666" endtime="20200415 19:25:20.666" critical="yes"></status>
</test>
<test id="s1-s1-t2" name="FisrtSelenuimTest">
<kw name="Open Browser" library="SeleniumLibrary">
<doc>Opens a new browser instance to the optional ``url``.</doc>
<arguments>
<arg>https:google.com</arg>
<arg>chrome</arg>
</arguments>
<msg timestamp="20200415 19:25:20.666" level="INFO">Opening browser 'chrome' to base url 'https:google.com'.</msg>
<status status="PASS" starttime="20200415 19:25:20.666" endtime="20200415 19:25:31.170"></status>
</kw>
<kw name="Set Browser Implicit Wait" library="SeleniumLibrary">
<doc>Sets the implicit wait value used by Selenium.</doc>
<arguments>
<arg>5</arg>
</arguments>
<status status="PASS" starttime="20200415 19:25:31.170" endtime="20200415 19:25:31.172"></status>
</kw>
<kw name="Input Text" library="SeleniumLibrary">
<doc>Types the given ``text`` into the text field identified by ``locator``.</doc>
<arguments>
<arg>name=q</arg>
<arg>JB3-Technolgies</arg>
</arguments>
<msg timestamp="20200415 19:25:31.173" level="INFO">Typing text 'JB3-Technolgies' into text field 'name=q'.</msg>
<status status="PASS" starttime="20200415 19:25:31.172" endtime="20200415 19:25:31.523"></status>
</kw>
<kw name="Click Button" library="SeleniumLibrary">
<doc>Clicks the button identified by ``locator``.</doc>
<arguments>
<arg>name=btnK</arg>
</arguments>
<msg timestamp="20200415 19:25:31.523" level="INFO">Clicking button 'name=btnK'.</msg>
<status status="PASS" starttime="20200415 19:25:31.523" endtime="20200415 19:25:38.591"></status>
</kw>
<kw name="Close Browser" library="SeleniumLibrary">
<doc>Closes the current browser.</doc>
<status status="PASS" starttime="20200415 19:25:38.592" endtime="20200415 19:25:40.805"></status>
</kw>
<status status="PASS" starttime="20200415 19:25:20.666" endtime="20200415 19:25:40.805" critical="yes"></status>
</test>
<status status="PASS" starttime="20200415 19:25:20.381" endtime="20200415 19:25:40.807"></status>
</suite>
<suite id="s1-s2" name="loginFieledTest" source="C:\Users\saber\eclipse-workspace\RobotFrameworkTest1\Suites\loginFieledTest.robot">
<test id="s1-s2-t1" name="MyFirstTest">
<kw name="Log" library="BuiltIn">
<doc>Logs the given message with the given level.</doc>
<arguments>
<arg>Hello World...</arg>
</arguments>
<msg timestamp="20200415 19:25:20.666" level="INFO">Hello World...</msg>
<status status="PASS" starttime="20200415 19:25:20.666" endtime="20200415 19:25:20.666"></status>
</kw>
<status status="PASS" starttime="20200415 19:25:20.666" endtime="20200415 19:25:20.666" critical="yes"></status>
</test>
<test id="s1-s2-t2" name="FisrtSelenuimTest">
<kw name="Open Browser" library="SeleniumLibrary">
<doc>Opens a new browser instance to the optional ``url``.</doc>
<arguments>
<arg>https://fr-fr.facebook.com/</arg>
<arg>chrome</arg>
</arguments>
<msg timestamp="20200415 19:25:20.666" level="INFO">Opening browser 'chrome' to base url 'https://fr-fr.facebook.com/'.</msg>
<status status="PASS" starttime="20200415 19:25:20.666" endtime="20200415 19:25:36.334"></status>
</kw>
<kw name="Set Browser Implicit Wait" library="SeleniumLibrary">
<doc>Sets the implicit wait value used by Selenium.</doc>
<arguments>
<arg>5</arg>
</arguments>
<status status="PASS" starttime="20200415 19:25:36.334" endtime="20200415 19:25:36.337"></status>
</kw>
<kw name="Input Text" library="SeleniumLibrary">
<doc>Types the given ``text`` into the text field identified by ``locator``.</doc>
<arguments>
<arg>id=email</arg>
<arg>saber.khemissi@jb3.fr</arg>
</arguments>
<msg timestamp="20200415 19:25:36.338" level="INFO">Typing text 'saber.khemissi@jb3.fr' into text field 'id=email'.</msg>
<status status="PASS" starttime="20200415 19:25:36.338" endtime="20200415 19:25:36.654"></status>
</kw>
<kw name="Input Text" library="SeleniumLibrary">
<doc>Types the given ``text`` into the text field identified by ``locator``.</doc>
<arguments>
<arg>id=pass</arg>
<arg>123456789</arg>
</arguments>
<msg timestamp="20200415 19:25:36.655" level="INFO">Typing text '123456789' into text field 'id=pass'.</msg>
<status status="PASS" starttime="20200415 19:25:36.654" endtime="20200415 19:25:36.922"></status>
</kw>
<kw name="Click Button" library="SeleniumLibrary">
<doc>Clicks the button identified by ``locator``.</doc>
<arguments>
<arg>id=u_0_b</arg>
</arguments>
<msg timestamp="20200415 19:25:36.923" level="INFO">Clicking button 'id=u_0_b'.</msg>
<status status="PASS" starttime="20200415 19:25:36.923" endtime="20200415 19:25:37.183"></status>
</kw>
<kw name="Title Should Be" library="SeleniumLibrary">
<doc>Verifies that the current page title equals ``title``.</doc>
<arguments>
<arg>welcome</arg>
</arguments>
<kw name="Capture Page Screenshot" library="SeleniumLibrary">
<doc>Takes a screenshot of the current page and embeds it into a log file.</doc>
<msg timestamp="20200415 19:25:42.542" level="INFO" html="yes">&lt;/td&gt;&lt;/tr&gt;&lt;tr&gt;&lt;td colspan="3"&gt;&lt;a href="1-selenium-screenshot-1.png"&gt;&lt;img src="1-selenium-screenshot-1.png" width="800px"&gt;&lt;/a&gt;</msg>
<status status="PASS" starttime="20200415 19:25:42.165" endtime="20200415 19:25:42.542"></status>
</kw>
<msg timestamp="20200415 19:25:42.735" level="FAIL">Title should have been 'welcome' but was 'Facebook - Connexion ou inscription'.</msg>
<status status="FAIL" starttime="20200415 19:25:37.184" endtime="20200415 19:25:42.735"></status>
</kw>
<status status="FAIL" starttime="20200415 19:25:20.666" endtime="20200415 19:25:42.735" critical="yes">Title should have been 'welcome' but was 'Facebook - Connexion ou inscription'.</status>
</test>
<status status="FAIL" starttime="20200415 19:25:20.381" endtime="20200415 19:25:42.738"></status>
</suite>
<suite id="s1-s3" name="loginsuccesTest" source="C:\Users\saber\eclipse-workspace\RobotFrameworkTest1\Suites\loginsuccesTest.robot">
<test id="s1-s3-t1" name="MyFirstTest">
<kw name="Log" library="BuiltIn">
<doc>Logs the given message with the given level.</doc>
<arguments>
<arg>Hello World...</arg>
</arguments>
<msg timestamp="20200415 19:25:42.515" level="INFO">Hello World...</msg>
<status status="PASS" starttime="20200415 19:25:42.515" endtime="20200415 19:25:42.515"></status>
</kw>
<status status="PASS" starttime="20200415 19:25:42.515" endtime="20200415 19:25:42.515" critical="yes"></status>
</test>
<test id="s1-s3-t2" name="FisrtSelenuimTest">
<kw name="Open Browser" library="SeleniumLibrary">
<doc>Opens a new browser instance to the optional ``url``.</doc>
<arguments>
<arg>https://fr-fr.facebook.com/</arg>
<arg>chrome</arg>
</arguments>
<msg timestamp="20200415 19:25:42.515" level="INFO">Opening browser 'chrome' to base url 'https://fr-fr.facebook.com/'.</msg>
<status status="PASS" starttime="20200415 19:25:42.515" endtime="20200415 19:25:53.261"></status>
</kw>
<kw name="Set Browser Implicit Wait" library="SeleniumLibrary">
<doc>Sets the implicit wait value used by Selenium.</doc>
<arguments>
<arg>5</arg>
</arguments>
<status status="PASS" starttime="20200415 19:25:53.261" endtime="20200415 19:25:53.263"></status>
</kw>
<kw name="Input Text" library="SeleniumLibrary">
<doc>Types the given ``text`` into the text field identified by ``locator``.</doc>
<arguments>
<arg>id=email</arg>
<arg>saber.khemissi@jb3.fr</arg>
</arguments>
<msg timestamp="20200415 19:25:53.264" level="INFO">Typing text 'saber.khemissi@jb3.fr' into text field 'id=email'.</msg>
<status status="PASS" starttime="20200415 19:25:53.264" endtime="20200415 19:25:53.580"></status>
</kw>
<kw name="Input Text" library="SeleniumLibrary">
<doc>Types the given ``text`` into the text field identified by ``locator``.</doc>
<arguments>
<arg>id=pass</arg>
<arg>123456789</arg>
</arguments>
<msg timestamp="20200415 19:25:53.580" level="INFO">Typing text '123456789' into text field 'id=pass'.</msg>
<status status="PASS" starttime="20200415 19:25:53.580" endtime="20200415 19:25:53.780"></status>
</kw>
<kw name="Click Button" library="SeleniumLibrary">
<doc>Clicks the button identified by ``locator``.</doc>
<arguments>
<arg>id=u_0_b</arg>
</arguments>
<msg timestamp="20200415 19:25:53.781" level="INFO">Clicking button 'id=u_0_b'.</msg>
<status status="PASS" starttime="20200415 19:25:53.781" endtime="20200415 19:25:54.608"></status>
</kw>
<kw name="Title Should Be" library="SeleniumLibrary">
<doc>Verifies that the current page title equals ``title``.</doc>
<arguments>
<arg>Facebook - Connexion ou inscription</arg>
</arguments>
<msg timestamp="20200415 19:25:56.849" level="INFO">Page title is 'Facebook - Connexion ou inscription'.</msg>
<status status="PASS" starttime="20200415 19:25:54.608" endtime="20200415 19:25:56.849"></status>
</kw>
<status status="PASS" starttime="20200415 19:25:42.515" endtime="20200415 19:25:56.849" critical="yes"></status>
</test>
<status status="PASS" starttime="20200415 19:25:41.685" endtime="20200415 19:25:56.850"></status>
</suite>
<doc>[https://pabot.org/?ref=log|Pabot] result from 3 executions.</doc>
<status status="FAIL" starttime="20200415 19:25:20.343" endtime="20200415 19:25:56.852"></status>
</suite>
<statistics>
<total>
<stat pass="5" fail="1">Critical Tests</stat>
<stat pass="5" fail="1">All Tests</stat>
</total>
<tag>
</tag>
<suite>
<stat pass="5" fail="1" id="s1" name="Suites">Suites</stat>
<stat pass="2" fail="0" id="s1-s1" name="GoogleTest">Suites.GoogleTest</stat>
<stat pass="1" fail="1" id="s1-s2" name="loginFieledTest">Suites.loginFieledTest</stat>
<stat pass="2" fail="0" id="s1-s3" name="loginsuccesTest">Suites.loginsuccesTest</stat>
</suite>
</statistics>
<errors>
</errors>
</robot>
