<?xml version="1.0" encoding="UTF-8"?>
<robot generator="Robot 3.1.2 (Python 3.7.3 on win32)" generated="20200415 19:25:20.343" rpa="false">
<suite id="s1" name="Suites">
<suite id="s1-s1" name="loginFieledTest" source="C:\Users\saber\eclipse-workspace\RobotFrameworkTest1\Suites\loginFieledTest.robot">
<test id="s1-s1-t1" name="MyFirstTest">
<kw name="Log" library="BuiltIn">
<doc>Logs the given message with the given level.</doc>
<arguments>
<arg>Hello World...</arg>
</arguments>
<msg timestamp="20200415 19:25:20.666" level="INFO">Hello World...</msg>
<status status="PASS" starttime="20200415 19:25:20.666" endtime="20200415 19:25:20.666"></status>
</kw>
<status status="PASS" starttime="20200415 19:25:20.666" endtime="20200415 19:25:20.666" critical="yes"></status>
</test>
<test id="s1-s1-t2" name="FisrtSelenuimTest">
<kw name="Open Browser" library="SeleniumLibrary">
<doc>Opens a new browser instance to the optional ``url``.</doc>
<arguments>
<arg>https://fr-fr.facebook.com/</arg>
<arg>chrome</arg>
</arguments>
<msg timestamp="20200415 19:25:20.666" level="INFO">Opening browser 'chrome' to base url 'https://fr-fr.facebook.com/'.</msg>
<status status="PASS" starttime="20200415 19:25:20.666" endtime="20200415 19:25:36.334"></status>
</kw>
<kw name="Set Browser Implicit Wait" library="SeleniumLibrary">
<doc>Sets the implicit wait value used by Selenium.</doc>
<arguments>
<arg>5</arg>
</arguments>
<status status="PASS" starttime="20200415 19:25:36.334" endtime="20200415 19:25:36.337"></status>
</kw>
<kw name="Input Text" library="SeleniumLibrary">
<doc>Types the given ``text`` into the text field identified by ``locator``.</doc>
<arguments>
<arg>id=email</arg>
<arg>saber.khemissi@jb3.fr</arg>
</arguments>
<msg timestamp="20200415 19:25:36.338" level="INFO">Typing text 'saber.khemissi@jb3.fr' into text field 'id=email'.</msg>
<status status="PASS" starttime="20200415 19:25:36.338" endtime="20200415 19:25:36.654"></status>
</kw>
<kw name="Input Text" library="SeleniumLibrary">
<doc>Types the given ``text`` into the text field identified by ``locator``.</doc>
<arguments>
<arg>id=pass</arg>
<arg>123456789</arg>
</arguments>
<msg timestamp="20200415 19:25:36.655" level="INFO">Typing text '123456789' into text field 'id=pass'.</msg>
<status status="PASS" starttime="20200415 19:25:36.654" endtime="20200415 19:25:36.922"></status>
</kw>
<kw name="Click Button" library="SeleniumLibrary">
<doc>Clicks the button identified by ``locator``.</doc>
<arguments>
<arg>id=u_0_b</arg>
</arguments>
<msg timestamp="20200415 19:25:36.923" level="INFO">Clicking button 'id=u_0_b'.</msg>
<status status="PASS" starttime="20200415 19:25:36.923" endtime="20200415 19:25:37.183"></status>
</kw>
<kw name="Title Should Be" library="SeleniumLibrary">
<doc>Verifies that the current page title equals ``title``.</doc>
<arguments>
<arg>welcome</arg>
</arguments>
<kw name="Capture Page Screenshot" library="SeleniumLibrary">
<doc>Takes a screenshot of the current page and embeds it into a log file.</doc>
<msg timestamp="20200415 19:25:42.542" level="INFO" html="yes">&lt;/td&gt;&lt;/tr&gt;&lt;tr&gt;&lt;td colspan="3"&gt;&lt;a href="selenium-screenshot-1.png"&gt;&lt;img src="selenium-screenshot-1.png" width="800px"&gt;&lt;/a&gt;</msg>
<status status="PASS" starttime="20200415 19:25:42.165" endtime="20200415 19:25:42.542"></status>
</kw>
<msg timestamp="20200415 19:25:42.735" level="FAIL">Title should have been 'welcome' but was 'Facebook - Connexion ou inscription'.</msg>
<status status="FAIL" starttime="20200415 19:25:37.184" endtime="20200415 19:25:42.735"></status>
</kw>
<status status="FAIL" starttime="20200415 19:25:20.666" endtime="20200415 19:25:42.735" critical="yes">Title should have been 'welcome' but was 'Facebook - Connexion ou inscription'.</status>
</test>
<status status="FAIL" starttime="20200415 19:25:20.381" endtime="20200415 19:25:42.738"></status>
</suite>
<status status="FAIL" starttime="20200415 19:25:20.343" endtime="20200415 19:25:42.742"></status>
</suite>
<statistics>
<total>
<stat pass="1" fail="1">Critical Tests</stat>
<stat pass="1" fail="1">All Tests</stat>
</total>
<tag>
</tag>
<suite>
<stat pass="1" fail="1" id="s1" name="Suites">Suites</stat>
<stat pass="1" fail="1" id="s1-s1" name="loginFieledTest">Suites.loginFieledTest</stat>
</suite>
</statistics>
<errors>
</errors>
</robot>
