<?xml version="1.0" encoding="UTF-8"?>
<robot generator="Robot 3.1.2 (Python 3.7.3 on win32)" generated="20200415 14:33:00.162" rpa="false">
<suite id="s1" name="Test1" source="C:\Users\saber\eclipse-workspace\RobotFrameworkTest1\Suites\test1.robot">
<test id="s1-t1" name="MyFirstTest">
<kw name="Log" library="BuiltIn">
<doc>Logs the given message with the given level.</doc>
<arguments>
<arg>Hello World...</arg>
</arguments>
<msg timestamp="20200415 14:33:00.457" level="INFO">Hello World...</msg>
<status status="PASS" starttime="20200415 14:33:00.457" endtime="20200415 14:33:00.457"></status>
</kw>
<status status="PASS" starttime="20200415 14:33:00.453" endtime="20200415 14:33:00.457" critical="yes"></status>
</test>
<test id="s1-t2" name="FisrtSelenuimTest">
<kw name="Open Browser" library="SeleniumLibrary">
<doc>Opens a new browser instance to the optional ``url``.</doc>
<arguments>
<arg>https:google.com</arg>
<arg>chrome</arg>
</arguments>
<msg timestamp="20200415 14:33:00.457" level="INFO">Opening browser 'chrome' to base url 'https:google.com'.</msg>
<status status="PASS" starttime="20200415 14:33:00.457" endtime="20200415 14:33:14.444"></status>
</kw>
<kw name="Set Browser Implicit Wait" library="SeleniumLibrary">
<doc>Sets the implicit wait value used by Selenium.</doc>
<arguments>
<arg>5</arg>
</arguments>
<status status="PASS" starttime="20200415 14:33:14.447" endtime="20200415 14:33:14.450"></status>
</kw>
<kw name="Input Text" library="SeleniumLibrary">
<doc>Types the given ``text`` into the text field identified by ``locator``.</doc>
<arguments>
<arg>name=q</arg>
<arg>JB3-Technolgies</arg>
</arguments>
<msg timestamp="20200415 14:33:14.454" level="INFO">Typing text 'JB3-Technolgies' into text field 'name=q'.</msg>
<status status="PASS" starttime="20200415 14:33:14.450" endtime="20200415 14:33:15.951"></status>
</kw>
<kw name="Click Button" library="SeleniumLibrary">
<doc>Clicks the button identified by ``locator``.</doc>
<arguments>
<arg>name=btnK</arg>
</arguments>
<msg timestamp="20200415 14:33:15.951" level="INFO">Clicking button 'name=btnK'.</msg>
<status status="PASS" starttime="20200415 14:33:15.951" endtime="20200415 14:33:18.936"></status>
</kw>
<kw name="Close Browser" library="SeleniumLibrary">
<doc>Closes the current browser.</doc>
<status status="PASS" starttime="20200415 14:33:18.936" endtime="20200415 14:33:21.229"></status>
</kw>
<status status="PASS" starttime="20200415 14:33:00.457" endtime="20200415 14:33:21.229" critical="yes"></status>
</test>
<status status="PASS" starttime="20200415 14:33:00.164" endtime="20200415 14:33:21.230"></status>
</suite>
<statistics>
<total>
<stat pass="2" fail="0">Critical Tests</stat>
<stat pass="2" fail="0">All Tests</stat>
</total>
<tag>
</tag>
<suite>
<stat pass="2" fail="0" id="s1" name="Test1">Test1</stat>
</suite>
</statistics>
<errors>
</errors>
</robot>
